<?xml version="1.0" encoding="UTF-8"?>
<testng-results skipped="0" failed="0" ignored="0" total="1" passed="1">
  <reporter-output>
  </reporter-output>
  <suite name="Default suite" duration-ms="14465" started-at="2020-02-03T07:21:53Z" finished-at="2020-02-03T07:22:08Z">
    <groups>
    </groups>
    <test name="Default test" duration-ms="14465" started-at="2020-02-03T07:21:53Z" finished-at="2020-02-03T07:22:08Z">
      <class name="testClass.AngularTest">
        <test-method status="PASS" signature="sampleTest()[pri:0, instance:testClass.AngularTest@685cb137]" name="sampleTest" duration-ms="13348" started-at="2020-02-03T07:21:53Z" finished-at="2020-02-03T07:22:07Z">
          <reporter-output>
          </reporter-output>
        </test-method> <!-- sampleTest -->
        <test-method status="PASS" signature="tearDown()[pri:0, instance:testClass.AngularTest@685cb137]" name="tearDown" is-config="true" duration-ms="1073" started-at="2020-02-03T07:22:07Z" finished-at="2020-02-03T07:22:08Z">
          <reporter-output>
          </reporter-output>
        </test-method> <!-- tearDown -->
      </class> <!-- testClass.AngularTest -->
    </test> <!-- Default test -->
  </suite> <!-- Default suite -->
</testng-results>
